[    25.152] (--) Log file renamed from "/home/wilder/.local/share/xorg/Xorg.pid-1364.log" to "/home/wilder/.local/share/xorg/Xorg.0.log"
[    25.153] 
X.Org X Server 1.20.5
X Protocol Version 11, Revision 0
[    25.153] Build Operating System: Linux 4.4.0-170-generic x86_64 Ubuntu
[    25.153] Current Operating System: Linux wilder-ThinkPad-T440p 5.3.0-28-generic #30~18.04.1-Ubuntu SMP Fri Jan 17 06:14:09 UTC 2020 x86_64
[    25.153] Kernel command line: BOOT_IMAGE=/boot/vmlinuz-5.3.0-28-generic root=UUID=5dc9be8a-baea-4a58-a924-b55b62be22c7 ro quiet splash vt.handoff=1
[    25.153] Build Date: 18 December 2019  08:15:29AM
[    25.153] xorg-server-hwe-18.04 2:1.20.5+git20191008-0ubuntu1~18.04.1 (For technical support please see http://www.ubuntu.com/support) 
[    25.153] Current version of pixman: 0.34.0
[    25.153] 	Before reporting problems, check http://wiki.x.org
	to make sure that you have the latest version.
[    25.153] Markers: (--) probed, (**) from config file, (==) default setting,
	(++) from command line, (!!) notice, (II) informational,
	(WW) warning, (EE) error, (NI) not implemented, (??) unknown.
[    25.153] (==) Log file: "/home/wilder/.local/share/xorg/Xorg.0.log", Time: Thu Mar  5 09:17:50 2020
[    25.153] (==) Using system config directory "/usr/share/X11/xorg.conf.d"
[    25.153] (==) No Layout section.  Using the first Screen section.
[    25.153] (==) No screen section available. Using defaults.
[    25.153] (**) |-->Screen "Default Screen Section" (0)
[    25.153] (**) |   |-->Monitor "<default monitor>"
[    25.154] (==) No monitor specified for screen "Default Screen Section".
	Using a default monitor configuration.
[    25.154] (==) Automatically adding devices
[    25.154] (==) Automatically enabling devices
[    25.154] (==) Automatically adding GPU devices
[    25.154] (==) Automatically binding GPU devices
[    25.154] (==) Max clients allowed: 256, resource mask: 0x1fffff
[    25.154] (WW) The directory "/usr/share/fonts/X11/cyrillic" does not exist.
[    25.154] 	Entry deleted from font path.
[    25.154] (WW) The directory "/usr/share/fonts/X11/100dpi/" does not exist.
[    25.154] 	Entry deleted from font path.
[    25.154] (WW) The directory "/usr/share/fonts/X11/75dpi/" does not exist.
[    25.154] 	Entry deleted from font path.
[    25.154] (WW) The directory "/usr/share/fonts/X11/100dpi" does not exist.
[    25.154] 	Entry deleted from font path.
[    25.154] (WW) The directory "/usr/share/fonts/X11/75dpi" does not exist.
[    25.154] 	Entry deleted from font path.
[    25.154] (==) FontPath set to:
	/usr/share/fonts/X11/misc,
	/usr/share/fonts/X11/Type1,
	built-ins
[    25.154] (==) ModulePath set to "/usr/lib/xorg/modules"
[    25.154] (II) The server relies on udev to provide the list of input devices.
	If no devices become available, reconfigure udev or disable AutoAddDevices.
[    25.154] (II) Loader magic: 0x562d064d1020
[    25.154] (II) Module ABI versions:
[    25.154] 	X.Org ANSI C Emulation: 0.4
[    25.154] 	X.Org Video Driver: 24.0
[    25.154] 	X.Org XInput driver : 24.1
[    25.154] 	X.Org Server Extension : 10.0
[    25.154] (++) using VT number 2

[    25.156] (II) systemd-logind: took control of session /org/freedesktop/login1/session/_32
[    25.157] (II) xfree86: Adding drm device (/dev/dri/card0)
[    25.158] (II) systemd-logind: got fd for /dev/dri/card0 226:0 fd 12 paused 0
[    25.160] (--) PCI:*(0@0:2:0) 8086:0416:17aa:220e rev 6, Mem @ 0xf0000000/4194304, 0xe0000000/268435456, I/O @ 0x00003000/64, BIOS @ 0x????????/131072
[    25.160] (II) LoadModule: "glx"
[    25.160] (II) Loading /usr/lib/xorg/modules/extensions/libglx.so
[    25.161] (II) Module glx: vendor="X.Org Foundation"
[    25.161] 	compiled for 1.20.5, module version = 1.0.0
[    25.161] 	ABI class: X.Org Server Extension, version 10.0
[    25.161] (==) Matched modesetting as autoconfigured driver 0
[    25.161] (==) Matched fbdev as autoconfigured driver 1
[    25.161] (==) Matched vesa as autoconfigured driver 2
[    25.161] (==) Assigned the driver to the xf86ConfigLayout
[    25.161] (II) LoadModule: "modesetting"
[    25.161] (II) Loading /usr/lib/xorg/modules/drivers/modesetting_drv.so
[    25.162] (II) Module modesetting: vendor="X.Org Foundation"
[    25.162] 	compiled for 1.20.5, module version = 1.20.5
[    25.162] 	Module class: X.Org Video Driver
[    25.162] 	ABI class: X.Org Video Driver, version 24.0
[    25.162] (II) LoadModule: "fbdev"
[    25.162] (II) Loading /usr/lib/xorg/modules/drivers/fbdev_drv.so
[    25.162] (II) Module fbdev: vendor="X.Org Foundation"
[    25.162] 	compiled for 1.20.1, module version = 0.5.0
[    25.162] 	Module class: X.Org Video Driver
[    25.162] 	ABI class: X.Org Video Driver, version 24.0
[    25.162] (II) LoadModule: "vesa"
[    25.162] (II) Loading /usr/lib/xorg/modules/drivers/vesa_drv.so
[    25.162] (II) Module vesa: vendor="X.Org Foundation"
[    25.162] 	compiled for 1.20.1, module version = 2.4.0
[    25.162] 	Module class: X.Org Video Driver
[    25.162] 	ABI class: X.Org Video Driver, version 24.0
[    25.162] (II) modesetting: Driver for Modesetting Kernel Drivers: kms
[    25.162] (II) FBDEV: driver for framebuffer: fbdev
[    25.162] (II) VESA: driver for VESA chipsets: vesa
[    25.162] xf86EnableIOPorts: failed to set IOPL for I/O (Operation not permitted)
[    25.162] (II) modeset(0): using drv /dev/dri/card0
[    25.162] (WW) Falling back to old probe method for fbdev
[    25.162] (II) Loading sub module "fbdevhw"
[    25.162] (II) LoadModule: "fbdevhw"
[    25.162] (II) Loading /usr/lib/xorg/modules/libfbdevhw.so
[    25.162] (II) Module fbdevhw: vendor="X.Org Foundation"
[    25.162] 	compiled for 1.20.5, module version = 0.0.2
[    25.162] 	ABI class: X.Org Video Driver, version 24.0
[    25.163] (EE) open /dev/fb0: Permission denied
[    25.163] (WW) VGA arbiter: cannot open kernel arbiter, no multi-card support
[    25.163] (II) modeset(0): Creating default Display subsection in Screen section
	"Default Screen Section" for depth/fbbpp 24/32
[    25.163] (==) modeset(0): Depth 24, (==) framebuffer bpp 32
[    25.163] (==) modeset(0): RGB weight 888
[    25.163] (==) modeset(0): Default visual is TrueColor
[    25.163] (II) Loading sub module "glamoregl"
[    25.163] (II) LoadModule: "glamoregl"
[    25.163] (II) Loading /usr/lib/xorg/modules/libglamoregl.so
[    25.166] (II) Module glamoregl: vendor="X.Org Foundation"
[    25.166] 	compiled for 1.20.5, module version = 1.0.1
[    25.166] 	ABI class: X.Org ANSI C Emulation, version 0.4
[    25.180] (II) modeset(0): glamor X acceleration enabled on Mesa DRI Intel(R) Haswell Mobile 
[    25.180] (II) modeset(0): glamor initialized
[    25.181] (II) modeset(0): Output eDP-1 has no monitor section
[    25.182] (II) modeset(0): Output VGA-1 has no monitor section
[    25.182] (II) modeset(0): Output DP-1 has no monitor section
[    25.382] (II) modeset(0): Output HDMI-1 has no monitor section
[    25.383] (II) modeset(0): Output DP-2 has no monitor section
[    25.384] (II) modeset(0): Output HDMI-2 has no monitor section
[    25.387] (II) modeset(0): EDID for output eDP-1
[    25.387] (II) modeset(0): Manufacturer: LGD  Model: 3fc  Serial#: 0
[    25.387] (II) modeset(0): Year: 2013  Week: 0
[    25.387] (II) modeset(0): EDID Version: 1.4
[    25.387] (II) modeset(0): Digital Display Input
[    25.387] (II) modeset(0): 6 bits per channel
[    25.387] (II) modeset(0): Digital interface is DisplayPort
[    25.387] (II) modeset(0): Max Image Size [cm]: horiz.: 31  vert.: 17
[    25.387] (II) modeset(0): Gamma: 2.20
[    25.387] (II) modeset(0): No DPMS capabilities specified
[    25.387] (II) modeset(0): Supported color encodings: RGB 4:4:4 YCrCb 4:4:4 
[    25.387] (II) modeset(0): First detailed timing is preferred mode
[    25.387] (II) modeset(0): Preferred mode is native pixel format and refresh rate
[    25.387] (II) modeset(0): redX: 0.588 redY: 0.350   greenX: 0.332 greenY: 0.558
[    25.387] (II) modeset(0): blueX: 0.155 blueY: 0.123   whiteX: 0.313 whiteY: 0.329
[    25.387] (II) modeset(0): Manufacturer's mask: 0
[    25.387] (II) modeset(0): Supported detailed timing:
[    25.387] (II) modeset(0): clock: 98.0 MHz   Image Size:  309 x 174 mm
[    25.387] (II) modeset(0): h_active: 1600  h_sync: 1648  h_sync_end 1680 h_blank_end 1764 h_border: 0
[    25.387] (II) modeset(0): v_active: 900  v_sync: 902  v_sync_end 907 v_blanking: 926 v_border: 0
[    25.387] (II) modeset(0):  LG Display
[    25.387] (II) modeset(0):  LP140WD2-TPB1
[    25.387] (II) modeset(0): EDID (in hex):
[    25.387] (II) modeset(0): 	00ffffffffffff0030e4fc0300000000
[    25.387] (II) modeset(0): 	00170104951f11780aa3e59659558e27
[    25.387] (II) modeset(0): 	1f505400000001010101010101010101
[    25.387] (II) modeset(0): 	010101010101482640a460841a303020
[    25.387] (II) modeset(0): 	250035ae100000190000000000000000
[    25.387] (II) modeset(0): 	00000000000000000000000000fe004c
[    25.387] (II) modeset(0): 	4720446973706c61790a2020000000fe
[    25.387] (II) modeset(0): 	004c503134305744322d54504231002a
[    25.388] (II) modeset(0): Printing probed modes for output eDP-1
[    25.388] (II) modeset(0): Modeline "1600x900"x60.0   98.00  1600 1648 1680 1764  900 902 907 926 -hsync -vsync (55.6 kHz eP)
[    25.388] (II) modeset(0): Modeline "1600x900"x120.0  246.00  1600 1728 1900 2200  900 901 904 932 doublescan -hsync +vsync (111.8 kHz d)
[    25.388] (II) modeset(0): Modeline "1600x900"x119.9  186.50  1600 1624 1640 1680  900 901 904 926 doublescan +hsync -vsync (111.0 kHz d)
[    25.388] (II) modeset(0): Modeline "1600x900"x59.9  118.25  1600 1696 1856 2112  900 903 908 934 -hsync +vsync (56.0 kHz d)
[    25.388] (II) modeset(0): Modeline "1600x900"x59.8   97.50  1600 1648 1680 1760  900 903 908 926 +hsync -vsync (55.4 kHz d)
[    25.388] (II) modeset(0): Modeline "1440x900"x59.9  106.50  1440 1520 1672 1904  900 903 909 934 -hsync +vsync (55.9 kHz d)
[    25.388] (II) modeset(0): Modeline "1400x900"x60.0  103.50  1400 1480 1624 1848  900 903 913 934 -hsync +vsync (56.0 kHz d)
[    25.388] (II) modeset(0): Modeline "1400x900"x59.9   86.50  1400 1448 1480 1560  900 903 913 926 +hsync -vsync (55.4 kHz d)
[    25.388] (II) modeset(0): Modeline "1440x810"x120.0  198.12  1440 1548 1704 1968  810 811 814 839 doublescan -hsync +vsync (100.7 kHz d)
[    25.388] (II) modeset(0): Modeline "1440x810"x119.9  151.88  1440 1464 1480 1520  810 811 814 833 doublescan +hsync -vsync (99.9 kHz d)
[    25.388] (II) modeset(0): Modeline "1368x768"x59.9   85.25  1368 1440 1576 1784  768 771 781 798 -hsync +vsync (47.8 kHz d)
[    25.388] (II) modeset(0): Modeline "1368x768"x59.9   72.25  1368 1416 1448 1528  768 771 781 790 +hsync -vsync (47.3 kHz d)
[    25.388] (II) modeset(0): Modeline "1360x768"x59.8   84.75  1360 1432 1568 1776  768 771 781 798 -hsync +vsync (47.7 kHz d)
[    25.388] (II) modeset(0): Modeline "1360x768"x60.0   72.00  1360 1408 1440 1520  768 771 781 790 +hsync -vsync (47.4 kHz d)
[    25.388] (II) modeset(0): Modeline "1280x800"x120.0  174.25  1280 1380 1516 1752  800 801 804 829 doublescan -hsync +vsync (99.5 kHz d)
[    25.388] (II) modeset(0): Modeline "1280x800"x119.9  134.25  1280 1304 1320 1360  800 801 804 823 doublescan +hsync -vsync (98.7 kHz d)
[    25.388] (II) modeset(0): Modeline "1280x800"x59.8   83.50  1280 1352 1480 1680  800 803 809 831 -hsync +vsync (49.7 kHz d)
[    25.388] (II) modeset(0): Modeline "1280x800"x59.9   71.00  1280 1328 1360 1440  800 803 809 823 +hsync -vsync (49.3 kHz d)
[    25.388] (II) modeset(0): Modeline "1152x864"x60.0   81.62  1152 1216 1336 1520  864 865 868 895 -hsync +vsync (53.7 kHz d)
[    25.388] (II) modeset(0): Modeline "1280x720"x120.0  156.12  1280 1376 1512 1744  720 721 724 746 doublescan -hsync +vsync (89.5 kHz d)
[    25.388] (II) modeset(0): Modeline "1280x720"x120.0  120.75  1280 1304 1320 1360  720 721 724 740 doublescan +hsync -vsync (88.8 kHz d)
[    25.388] (II) modeset(0): Modeline "1280x720"x59.9   74.50  1280 1344 1472 1664  720 723 728 748 -hsync +vsync (44.8 kHz d)
[    25.388] (II) modeset(0): Modeline "1280x720"x59.7   63.75  1280 1328 1360 1440  720 723 728 741 +hsync -vsync (44.3 kHz d)
[    25.388] (II) modeset(0): Modeline "1024x768"x120.1  133.47  1024 1100 1212 1400  768 768 770 794 doublescan -hsync +vsync (95.3 kHz d)
[    25.388] (II) modeset(0): Modeline "1024x768"x60.0   65.00  1024 1048 1184 1344  768 771 777 806 -hsync -vsync (48.4 kHz d)
[    25.388] (II) modeset(0): Modeline "960x720"x120.0  117.00  960 1024 1128 1300  720 720 722 750 doublescan -hsync +vsync (90.0 kHz d)
[    25.388] (II) modeset(0): Modeline "928x696"x120.1  109.15  928 976 1088 1264  696 696 698 719 doublescan -hsync +vsync (86.4 kHz d)
[    25.388] (II) modeset(0): Modeline "896x672"x120.0  102.40  896 960 1060 1224  672 672 674 697 doublescan -hsync +vsync (83.7 kHz d)
[    25.388] (II) modeset(0): Modeline "1024x576"x119.9   98.50  1024 1092 1200 1376  576 577 580 597 doublescan -hsync +vsync (71.6 kHz d)
[    25.388] (II) modeset(0): Modeline "1024x576"x119.9   78.38  1024 1048 1064 1104  576 577 580 592 doublescan +hsync -vsync (71.0 kHz d)
[    25.388] (II) modeset(0): Modeline "1024x576"x59.9   46.50  1024 1064 1160 1296  576 579 584 599 -hsync +vsync (35.9 kHz d)
[    25.388] (II) modeset(0): Modeline "1024x576"x59.8   42.00  1024 1072 1104 1184  576 579 584 593 +hsync -vsync (35.5 kHz d)
[    25.388] (II) modeset(0): Modeline "960x600"x119.9   96.62  960 1028 1128 1296  600 601 604 622 doublescan -hsync +vsync (74.6 kHz d)
[    25.388] (II) modeset(0): Modeline "960x600"x120.0   77.00  960 984 1000 1040  600 601 604 617 doublescan +hsync -vsync (74.0 kHz d)
[    25.388] (II) modeset(0): Modeline "960x540"x119.9   86.50  960 1024 1124 1288  540 541 544 560 doublescan -hsync +vsync (67.2 kHz d)
[    25.388] (II) modeset(0): Modeline "960x540"x120.0   69.25  960 984 1000 1040  540 541 544 555 doublescan +hsync -vsync (66.6 kHz d)
[    25.388] (II) modeset(0): Modeline "960x540"x59.6   40.75  960 992 1088 1216  540 543 548 562 -hsync +vsync (33.5 kHz d)
[    25.388] (II) modeset(0): Modeline "960x540"x59.8   37.25  960 1008 1040 1120  540 543 548 556 +hsync -vsync (33.3 kHz d)
[    25.388] (II) modeset(0): Modeline "800x600"x120.0   81.00  800 832 928 1080  600 600 602 625 doublescan +hsync +vsync (75.0 kHz d)
[    25.388] (II) modeset(0): Modeline "800x600"x60.3   40.00  800 840 968 1056  600 601 605 628 +hsync +vsync (37.9 kHz d)
[    25.388] (II) modeset(0): Modeline "800x600"x56.2   36.00  800 824 896 1024  600 601 603 625 +hsync +vsync (35.2 kHz d)
[    25.388] (II) modeset(0): Modeline "840x525"x120.0   73.12  840 892 980 1120  525 526 529 544 doublescan -hsync +vsync (65.3 kHz d)
[    25.388] (II) modeset(0): Modeline "840x525"x119.8   59.50  840 864 880 920  525 526 529 540 doublescan +hsync -vsync (64.7 kHz d)
[    25.388] (II) modeset(0): Modeline "864x486"x59.9   32.50  864 888 968 1072  486 489 494 506 -hsync +vsync (30.3 kHz d)
[    25.388] (II) modeset(0): Modeline "864x486"x59.6   30.50  864 912 944 1024  486 489 494 500 +hsync -vsync (29.8 kHz d)
[    25.388] (II) modeset(0): Modeline "800x512"x120.3   51.56  800 800 828 832  512 512 514 515 doublescan +hsync +vsync (62.0 kHz d)
[    25.388] (II) modeset(0): Modeline "700x525"x120.0   61.00  700 744 820 940  525 526 532 541 doublescan +hsync +vsync (64.9 kHz d)
[    25.388] (II) modeset(0): Modeline "800x450"x119.9   59.12  800 848 928 1056  450 451 454 467 doublescan -hsync +vsync (56.0 kHz d)
[    25.388] (II) modeset(0): Modeline "800x450"x119.6   48.75  800 824 840 880  450 451 454 463 doublescan +hsync -vsync (55.4 kHz d)
[    25.388] (II) modeset(0): Modeline "640x512"x120.0   54.00  640 664 720 844  512 512 514 533 doublescan +hsync +vsync (64.0 kHz d)
[    25.388] (II) modeset(0): Modeline "720x450"x119.8   53.25  720 760 836 952  450 451 454 467 doublescan -hsync +vsync (55.9 kHz d)
[    25.388] (II) modeset(0): Modeline "700x450"x119.9   51.75  700 740 812 924  450 451 456 467 doublescan -hsync +vsync (56.0 kHz d)
[    25.388] (II) modeset(0): Modeline "700x450"x119.8   43.25  700 724 740 780  450 451 456 463 doublescan +hsync -vsync (55.4 kHz d)
[    25.388] (II) modeset(0): Modeline "640x480"x120.0   54.00  640 688 744 900  480 480 482 500 doublescan +hsync +vsync (60.0 kHz d)
[    25.388] (II) modeset(0): Modeline "640x480"x59.9   25.18  640 656 752 800  480 490 492 525 -hsync -vsync (31.5 kHz d)
[    25.388] (II) modeset(0): Modeline "720x405"x59.5   22.50  720 744 808 896  405 408 413 422 -hsync +vsync (25.1 kHz d)
[    25.388] (II) modeset(0): Modeline "720x405"x59.0   21.75  720 768 800 880  405 408 413 419 +hsync -vsync (24.7 kHz d)
[    25.388] (II) modeset(0): Modeline "684x384"x119.8   42.62  684 720 788 892  384 385 390 399 doublescan -hsync +vsync (47.8 kHz d)
[    25.388] (II) modeset(0): Modeline "684x384"x119.7   36.12  684 708 724 764  384 385 390 395 doublescan +hsync -vsync (47.3 kHz d)
[    25.388] (II) modeset(0): Modeline "680x384"x119.6   42.38  680 716 784 888  384 385 390 399 doublescan -hsync +vsync (47.7 kHz d)
[    25.388] (II) modeset(0): Modeline "680x384"x119.9   36.00  680 704 720 760  384 385 390 395 doublescan +hsync -vsync (47.4 kHz d)
[    25.388] (II) modeset(0): Modeline "640x400"x119.8   41.75  640 676 740 840  400 401 404 415 doublescan -hsync +vsync (49.7 kHz d)
[    25.388] (II) modeset(0): Modeline "640x400"x120.0   35.50  640 664 680 720  400 401 404 411 doublescan +hsync -vsync (49.3 kHz d)
[    25.388] (II) modeset(0): Modeline "576x432"x120.1   40.81  576 608 668 760  432 432 434 447 doublescan -hsync +vsync (53.7 kHz d)
[    25.388] (II) modeset(0): Modeline "640x360"x119.7   37.25  640 672 736 832  360 361 364 374 doublescan -hsync +vsync (44.8 kHz d)
[    25.388] (II) modeset(0): Modeline "640x360"x119.7   31.88  640 664 680 720  360 361 364 370 doublescan +hsync -vsync (44.3 kHz d)
[    25.388] (II) modeset(0): Modeline "640x360"x59.8   18.00  640 664 720 800  360 363 368 376 -hsync +vsync (22.5 kHz d)
[    25.388] (II) modeset(0): Modeline "640x360"x59.3   17.75  640 688 720 800  360 363 368 374 +hsync -vsync (22.2 kHz d)
[    25.388] (II) modeset(0): Modeline "512x384"x120.0   32.50  512 524 592 672  384 385 388 403 doublescan -hsync -vsync (48.4 kHz d)
[    25.388] (II) modeset(0): Modeline "512x288"x120.0   23.25  512 532 580 648  288 289 292 299 doublescan -hsync +vsync (35.9 kHz d)
[    25.388] (II) modeset(0): Modeline "512x288"x119.8   21.00  512 536 552 592  288 289 292 296 doublescan +hsync -vsync (35.5 kHz d)
[    25.388] (II) modeset(0): Modeline "480x270"x119.3   20.38  480 496 544 608  270 271 274 281 doublescan -hsync +vsync (33.5 kHz d)
[    25.388] (II) modeset(0): Modeline "480x270"x119.6   18.62  480 504 520 560  270 271 274 278 doublescan +hsync -vsync (33.3 kHz d)
[    25.388] (II) modeset(0): Modeline "400x300"x120.6   20.00  400 420 484 528  300 300 302 314 doublescan +hsync +vsync (37.9 kHz d)
[    25.388] (II) modeset(0): Modeline "400x300"x112.7   18.00  400 412 448 512  300 300 301 312 doublescan +hsync +vsync (35.2 kHz d)
[    25.388] (II) modeset(0): Modeline "432x243"x119.8   16.25  432 444 484 536  243 244 247 253 doublescan -hsync +vsync (30.3 kHz d)
[    25.388] (II) modeset(0): Modeline "432x243"x119.1   15.25  432 456 472 512  243 244 247 250 doublescan +hsync -vsync (29.8 kHz d)
[    25.388] (II) modeset(0): Modeline "320x240"x120.1   12.59  320 328 376 400  240 245 246 262 doublescan -hsync -vsync (31.5 kHz d)
[    25.388] (II) modeset(0): Modeline "360x202"x119.0   11.25  360 372 404 448  202 204 206 211 doublescan -hsync +vsync (25.1 kHz d)
[    25.388] (II) modeset(0): Modeline "360x202"x118.3   10.88  360 384 400 440  202 204 206 209 doublescan +hsync -vsync (24.7 kHz d)
[    25.388] (II) modeset(0): Modeline "320x180"x119.7    9.00  320 332 360 400  180 181 184 188 doublescan -hsync +vsync (22.5 kHz d)
[    25.388] (II) modeset(0): Modeline "320x180"x118.6    8.88  320 344 360 400  180 181 184 187 doublescan +hsync -vsync (22.2 kHz d)
[    25.390] (II) modeset(0): EDID for output VGA-1
[    25.390] (II) modeset(0): EDID for output DP-1
[    25.586] (II) modeset(0): EDID for output HDMI-1
[    25.586] (II) modeset(0): EDID for output DP-2
[    25.588] (II) modeset(0): EDID for output HDMI-2
[    25.588] (II) modeset(0): Output eDP-1 connected
[    25.588] (II) modeset(0): Output VGA-1 disconnected
[    25.588] (II) modeset(0): Output DP-1 disconnected
[    25.588] (II) modeset(0): Output HDMI-1 disconnected
[    25.588] (II) modeset(0): Output DP-2 disconnected
[    25.588] (II) modeset(0): Output HDMI-2 disconnected
[    25.588] (II) modeset(0): Using exact sizes for initial modes
[    25.588] (II) modeset(0): Output eDP-1 using initial mode 1600x900 +0+0
[    25.588] (==) modeset(0): Using gamma correction (1.0, 1.0, 1.0)
[    25.588] (==) modeset(0): DPI set to (96, 96)
[    25.588] (II) Loading sub module "fb"
[    25.588] (II) LoadModule: "fb"
[    25.589] (II) Loading /usr/lib/xorg/modules/libfb.so
[    25.589] (II) Module fb: vendor="X.Org Foundation"
[    25.589] 	compiled for 1.20.5, module version = 1.0.0
[    25.589] 	ABI class: X.Org ANSI C Emulation, version 0.4
[    25.589] (II) UnloadModule: "fbdev"
[    25.589] (II) Unloading fbdev
[    25.589] (II) UnloadSubModule: "fbdevhw"
[    25.589] (II) Unloading fbdevhw
[    25.589] (II) UnloadModule: "vesa"
[    25.589] (II) Unloading vesa
[    25.595] (==) modeset(0): Backing store enabled
[    25.595] (==) modeset(0): Silken mouse enabled
[    25.655] (II) modeset(0): Initializing kms color map for depth 24, 8 bpc.
[    25.655] (==) modeset(0): DPMS enabled
[    25.656] (II) modeset(0): [DRI2] Setup complete
[    25.656] (II) modeset(0): [DRI2]   DRI driver: i965
[    25.656] (II) modeset(0): [DRI2]   VDPAU driver: va_gl
[    25.656] (II) Initializing extension Generic Event Extension
[    25.656] (II) Initializing extension SHAPE
[    25.657] (II) Initializing extension MIT-SHM
[    25.657] (II) Initializing extension XInputExtension
[    25.662] (II) Initializing extension XTEST
[    25.662] (II) Initializing extension BIG-REQUESTS
[    25.662] (II) Initializing extension SYNC
[    25.663] (II) Initializing extension XKEYBOARD
[    25.663] (II) Initializing extension XC-MISC
[    25.663] (II) Initializing extension SECURITY
[    25.663] (II) Initializing extension XFIXES
[    25.663] (II) Initializing extension RENDER
[    25.664] (II) Initializing extension RANDR
[    25.664] (II) Initializing extension COMPOSITE
[    25.664] (II) Initializing extension DAMAGE
[    25.664] (II) Initializing extension MIT-SCREEN-SAVER
[    25.665] (II) Initializing extension DOUBLE-BUFFER
[    25.665] (II) Initializing extension RECORD
[    25.665] (II) Initializing extension DPMS
[    25.665] (II) Initializing extension Present
[    25.665] (II) Initializing extension DRI3
[    25.665] (II) Initializing extension X-Resource
[    25.666] (II) Initializing extension XVideo
[    25.666] (II) Initializing extension XVideo-MotionCompensation
[    25.666] (II) Initializing extension SELinux
[    25.666] (II) SELinux: Disabled on system
[    25.666] (II) Initializing extension GLX
[    25.672] (II) AIGLX: Loaded and initialized i965
[    25.672] (II) GLX: Initialized DRI2 GL provider for screen 0
[    25.672] (II) Initializing extension XFree86-VidModeExtension
[    25.672] (II) Initializing extension XFree86-DGA
[    25.672] (II) Initializing extension XFree86-DRI
[    25.672] (II) Initializing extension DRI2
[    25.675] (II) modeset(0): Damage tracking initialized
[    25.675] (II) modeset(0): Setting screen physical size to 423 x 238
[    25.723] (II) config/udev: Adding input device Power Button (/dev/input/event2)
[    25.723] (**) Power Button: Applying InputClass "libinput keyboard catchall"
[    25.723] (II) LoadModule: "libinput"
[    25.723] (II) Loading /usr/lib/xorg/modules/input/libinput_drv.so
[    25.725] (II) Module libinput: vendor="X.Org Foundation"
[    25.725] 	compiled for 1.20.1, module version = 0.28.1
[    25.725] 	Module class: X.Org XInput Driver
[    25.725] 	ABI class: X.Org XInput driver, version 24.1
[    25.725] (II) Using input driver 'libinput' for 'Power Button'
[    25.725] (II) systemd-logind: got fd for /dev/input/event2 13:66 fd 21 paused 0
[    25.725] (**) Power Button: always reports core events
[    25.725] (**) Option "Device" "/dev/input/event2"
[    25.725] (**) Option "_source" "server/udev"
[    25.726] (II) event2  - Power Button: is tagged by udev as: Keyboard
[    25.726] (II) event2  - Power Button: device is a keyboard
[    25.726] (II) event2  - Power Button: device removed
[    25.726] (**) Option "config_info" "udev:/sys/devices/LNXSYSTM:00/LNXPWRBN:00/input/input2/event2"
[    25.726] (II) XINPUT: Adding extended input device "Power Button" (type: KEYBOARD, id 6)
[    25.726] (**) Option "xkb_layout" "fr,fr,fr"
[    25.726] (**) Option "xkb_variant" ",azerty,oss"
[    25.744] (II) event2  - Power Button: is tagged by udev as: Keyboard
[    25.744] (II) event2  - Power Button: device is a keyboard
[    25.745] (II) config/udev: Adding input device Video Bus (/dev/input/event13)
[    25.745] (**) Video Bus: Applying InputClass "libinput keyboard catchall"
[    25.745] (II) Using input driver 'libinput' for 'Video Bus'
[    25.745] (II) systemd-logind: got fd for /dev/input/event13 13:77 fd 24 paused 0
[    25.745] (**) Video Bus: always reports core events
[    25.746] (**) Option "Device" "/dev/input/event13"
[    25.746] (**) Option "_source" "server/udev"
[    25.746] (II) event13 - Video Bus: is tagged by udev as: Keyboard
[    25.746] (II) event13 - Video Bus: device is a keyboard
[    25.746] (II) event13 - Video Bus: device removed
[    25.746] (**) Option "config_info" "udev:/sys/devices/LNXSYSTM:00/LNXSYBUS:00/PNP0A08:00/LNXVIDEO:00/input/input23/event13"
[    25.746] (II) XINPUT: Adding extended input device "Video Bus" (type: KEYBOARD, id 7)
[    25.746] (**) Option "xkb_layout" "fr,fr,fr"
[    25.746] (**) Option "xkb_variant" ",azerty,oss"
[    25.747] (II) event13 - Video Bus: is tagged by udev as: Keyboard
[    25.747] (II) event13 - Video Bus: device is a keyboard
[    25.747] (II) config/udev: Adding input device Lid Switch (/dev/input/event0)
[    25.747] (II) No input driver specified, ignoring this device.
[    25.747] (II) This device may have been added with another device file.
[    25.748] (II) config/udev: Adding input device Sleep Button (/dev/input/event1)
[    25.748] (**) Sleep Button: Applying InputClass "libinput keyboard catchall"
[    25.748] (II) Using input driver 'libinput' for 'Sleep Button'
[    25.748] (II) systemd-logind: got fd for /dev/input/event1 13:65 fd 25 paused 0
[    25.748] (**) Sleep Button: always reports core events
[    25.748] (**) Option "Device" "/dev/input/event1"
[    25.748] (**) Option "_source" "server/udev"
[    25.749] (II) event1  - Sleep Button: is tagged by udev as: Keyboard
[    25.749] (II) event1  - Sleep Button: device is a keyboard
[    25.749] (II) event1  - Sleep Button: device removed
[    25.749] (**) Option "config_info" "udev:/sys/devices/LNXSYSTM:00/LNXSYBUS:00/PNP0C0E:00/input/input1/event1"
[    25.749] (II) XINPUT: Adding extended input device "Sleep Button" (type: KEYBOARD, id 8)
[    25.749] (**) Option "xkb_layout" "fr,fr,fr"
[    25.749] (**) Option "xkb_variant" ",azerty,oss"
[    25.750] (II) event1  - Sleep Button: is tagged by udev as: Keyboard
[    25.750] (II) event1  - Sleep Button: device is a keyboard
[    25.751] (II) config/udev: Adding input device HDA Intel HDMI HDMI/DP,pcm=3 (/dev/input/event14)
[    25.751] (II) No input driver specified, ignoring this device.
[    25.751] (II) This device may have been added with another device file.
[    25.751] (II) config/udev: Adding input device HDA Intel HDMI HDMI/DP,pcm=7 (/dev/input/event15)
[    25.751] (II) No input driver specified, ignoring this device.
[    25.751] (II) This device may have been added with another device file.
[    25.751] (II) config/udev: Adding input device HDA Intel HDMI HDMI/DP,pcm=8 (/dev/input/event16)
[    25.751] (II) No input driver specified, ignoring this device.
[    25.751] (II) This device may have been added with another device file.
[    25.752] (II) config/udev: Adding input device HDA Intel HDMI HDMI/DP,pcm=9 (/dev/input/event17)
[    25.752] (II) No input driver specified, ignoring this device.
[    25.752] (II) This device may have been added with another device file.
[    25.752] (II) config/udev: Adding input device HDA Intel HDMI HDMI/DP,pcm=10 (/dev/input/event18)
[    25.752] (II) No input driver specified, ignoring this device.
[    25.752] (II) This device may have been added with another device file.
[    25.753] (II) config/udev: Adding input device Logitech M705 (/dev/input/event5)
[    25.753] (**) Logitech M705: Applying InputClass "libinput pointer catchall"
[    25.753] (II) Using input driver 'libinput' for 'Logitech M705'
[    25.754] (II) systemd-logind: got fd for /dev/input/event5 13:69 fd 26 paused 0
[    25.754] (**) Logitech M705: always reports core events
[    25.754] (**) Option "Device" "/dev/input/event5"
[    25.754] (**) Option "_source" "server/udev"
[    25.754] (II) event5  - Logitech M705: is tagged by udev as: Mouse
[    25.754] (II) event5  - Logitech M705: device set to 800 DPI
[    25.754] (II) event5  - Logitech M705: device is a pointer
[    25.754] (II) event5  - Logitech M705: device removed
[    25.754] (**) Option "config_info" "udev:/sys/devices/pci0000:00/0000:00:14.0/usb3/3-1/3-1:1.2/0003:046D:C52B.0003/0003:046D:101B.0004/input/input16/event5"
[    25.754] (II) XINPUT: Adding extended input device "Logitech M705" (type: MOUSE, id 9)
[    25.755] (**) Option "AccelerationScheme" "none"
[    25.755] (**) Logitech M705: (accel) selected scheme none/0
[    25.755] (**) Logitech M705: (accel) acceleration factor: 2.000
[    25.755] (**) Logitech M705: (accel) acceleration threshold: 4
[    25.755] (II) event5  - Logitech M705: is tagged by udev as: Mouse
[    25.755] (II) event5  - Logitech M705: device set to 800 DPI
[    25.755] (II) event5  - Logitech M705: device is a pointer
[    25.756] (II) config/udev: Adding input device Logitech M705 (/dev/input/mouse1)
[    25.756] (II) No input driver specified, ignoring this device.
[    25.756] (II) This device may have been added with another device file.
[    25.756] (II) config/udev: Adding input device Integrated Camera: Integrated C (/dev/input/event8)
[    25.756] (**) Integrated Camera: Integrated C: Applying InputClass "libinput keyboard catchall"
[    25.756] (II) Using input driver 'libinput' for 'Integrated Camera: Integrated C'
[    25.757] (II) systemd-logind: got fd for /dev/input/event8 13:72 fd 27 paused 0
[    25.757] (**) Integrated Camera: Integrated C: always reports core events
[    25.757] (**) Option "Device" "/dev/input/event8"
[    25.757] (**) Option "_source" "server/udev"
[    25.757] (II) event8  - Integrated Camera: Integrated C: is tagged by udev as: Keyboard
[    25.757] (II) event8  - Integrated Camera: Integrated C: device is a keyboard
[    25.757] (II) event8  - Integrated Camera: Integrated C: device removed
[    25.757] (**) Option "config_info" "udev:/sys/devices/pci0000:00/0000:00:14.0/usb3/3-12/3-12:1.0/input/input18/event8"
[    25.758] (II) XINPUT: Adding extended input device "Integrated Camera: Integrated C" (type: KEYBOARD, id 10)
[    25.758] (**) Option "xkb_layout" "fr,fr,fr"
[    25.758] (**) Option "xkb_variant" ",azerty,oss"
[    25.758] (II) event8  - Integrated Camera: Integrated C: is tagged by udev as: Keyboard
[    25.758] (II) event8  - Integrated Camera: Integrated C: device is a keyboard
[    25.759] (II) config/udev: Adding input device HDA Intel PCH Dock Mic (/dev/input/event9)
[    25.759] (II) No input driver specified, ignoring this device.
[    25.759] (II) This device may have been added with another device file.
[    25.759] (II) config/udev: Adding input device HDA Intel PCH Mic (/dev/input/event10)
[    25.759] (II) No input driver specified, ignoring this device.
[    25.759] (II) This device may have been added with another device file.
[    25.759] (II) config/udev: Adding input device HDA Intel PCH Dock Headphone (/dev/input/event11)
[    25.759] (II) No input driver specified, ignoring this device.
[    25.760] (II) This device may have been added with another device file.
[    25.760] (II) config/udev: Adding input device HDA Intel PCH Headphone (/dev/input/event12)
[    25.760] (II) No input driver specified, ignoring this device.
[    25.760] (II) This device may have been added with another device file.
[    25.760] (II) config/udev: Adding input device AT Translated Set 2 keyboard (/dev/input/event3)
[    25.760] (**) AT Translated Set 2 keyboard: Applying InputClass "libinput keyboard catchall"
[    25.760] (II) Using input driver 'libinput' for 'AT Translated Set 2 keyboard'
[    25.762] (II) systemd-logind: got fd for /dev/input/event3 13:67 fd 28 paused 0
[    25.762] (**) AT Translated Set 2 keyboard: always reports core events
[    25.762] (**) Option "Device" "/dev/input/event3"
[    25.762] (**) Option "_source" "server/udev"
[    25.763] (II) event3  - AT Translated Set 2 keyboard: is tagged by udev as: Keyboard
[    25.763] (II) event3  - AT Translated Set 2 keyboard: device is a keyboard
[    25.763] (II) event3  - AT Translated Set 2 keyboard: device removed
[    25.763] (**) Option "config_info" "udev:/sys/devices/platform/i8042/serio0/input/input3/event3"
[    25.763] (II) XINPUT: Adding extended input device "AT Translated Set 2 keyboard" (type: KEYBOARD, id 11)
[    25.763] (**) Option "xkb_layout" "fr,fr,fr"
[    25.763] (**) Option "xkb_variant" ",azerty,oss"
[    25.764] (II) event3  - AT Translated Set 2 keyboard: is tagged by udev as: Keyboard
[    25.764] (II) event3  - AT Translated Set 2 keyboard: device is a keyboard
[    25.764] (II) config/udev: Adding input device SynPS/2 Synaptics TouchPad (/dev/input/event4)
[    25.764] (**) SynPS/2 Synaptics TouchPad: Applying InputClass "libinput touchpad catchall"
[    25.764] (II) Using input driver 'libinput' for 'SynPS/2 Synaptics TouchPad'
[    25.765] (II) systemd-logind: got fd for /dev/input/event4 13:68 fd 29 paused 0
[    25.765] (**) SynPS/2 Synaptics TouchPad: always reports core events
[    25.765] (**) Option "Device" "/dev/input/event4"
[    25.765] (**) Option "_source" "server/udev"
[    25.766] (II) event4  - SynPS/2 Synaptics TouchPad: is tagged by udev as: Touchpad
[    25.766] (II) event4  - SynPS/2 Synaptics TouchPad: device is a touchpad
[    25.766] (II) event4  - SynPS/2 Synaptics TouchPad: device removed
[    25.766] (**) Option "config_info" "udev:/sys/devices/platform/i8042/serio1/input/input5/event4"
[    25.766] (II) XINPUT: Adding extended input device "SynPS/2 Synaptics TouchPad" (type: TOUCHPAD, id 12)
[    25.766] (**) Option "AccelerationScheme" "none"
[    25.766] (**) SynPS/2 Synaptics TouchPad: (accel) selected scheme none/0
[    25.766] (**) SynPS/2 Synaptics TouchPad: (accel) acceleration factor: 2.000
[    25.766] (**) SynPS/2 Synaptics TouchPad: (accel) acceleration threshold: 4
[    25.767] (II) event4  - SynPS/2 Synaptics TouchPad: is tagged by udev as: Touchpad
[    25.767] (II) event4  - SynPS/2 Synaptics TouchPad: device is a touchpad
[    25.767] (II) config/udev: Adding input device SynPS/2 Synaptics TouchPad (/dev/input/mouse0)
[    25.767] (II) No input driver specified, ignoring this device.
[    25.767] (II) This device may have been added with another device file.
[    25.768] (II) config/udev: Adding input device TPPS/2 IBM TrackPoint (/dev/input/event6)
[    25.768] (**) TPPS/2 IBM TrackPoint: Applying InputClass "libinput pointer catchall"
[    25.768] (II) Using input driver 'libinput' for 'TPPS/2 IBM TrackPoint'
[    25.768] (II) systemd-logind: got fd for /dev/input/event6 13:70 fd 30 paused 0
[    25.768] (**) TPPS/2 IBM TrackPoint: always reports core events
[    25.768] (**) Option "Device" "/dev/input/event6"
[    25.769] (**) Option "_source" "server/udev"
[    25.769] (II) event6  - TPPS/2 IBM TrackPoint: is tagged by udev as: Mouse Pointingstick
[    25.769] (II) event6  - TPPS/2 IBM TrackPoint: trackpoint device set to range 31
[    25.769] (II) event6  - TPPS/2 IBM TrackPoint: device is a pointer
[    25.769] (II) event6  - TPPS/2 IBM TrackPoint: device removed
[    25.769] (**) Option "config_info" "udev:/sys/devices/platform/i8042/serio1/serio2/input/input6/event6"
[    25.769] (II) XINPUT: Adding extended input device "TPPS/2 IBM TrackPoint" (type: MOUSE, id 13)
[    25.769] (**) Option "AccelerationScheme" "none"
[    25.769] (**) TPPS/2 IBM TrackPoint: (accel) selected scheme none/0
[    25.769] (**) TPPS/2 IBM TrackPoint: (accel) acceleration factor: 2.000
[    25.769] (**) TPPS/2 IBM TrackPoint: (accel) acceleration threshold: 4
[    25.770] (II) event6  - TPPS/2 IBM TrackPoint: is tagged by udev as: Mouse Pointingstick
[    25.770] (II) event6  - TPPS/2 IBM TrackPoint: trackpoint device set to range 31
[    25.770] (II) event6  - TPPS/2 IBM TrackPoint: device is a pointer
[    25.770] (II) config/udev: Adding input device TPPS/2 IBM TrackPoint (/dev/input/mouse2)
[    25.770] (II) No input driver specified, ignoring this device.
[    25.770] (II) This device may have been added with another device file.
[    25.772] (II) config/udev: Adding input device ThinkPad Extra Buttons (/dev/input/event7)
[    25.772] (**) ThinkPad Extra Buttons: Applying InputClass "libinput keyboard catchall"
[    25.772] (II) Using input driver 'libinput' for 'ThinkPad Extra Buttons'
[    25.773] (II) systemd-logind: got fd for /dev/input/event7 13:71 fd 31 paused 0
[    25.773] (**) ThinkPad Extra Buttons: always reports core events
[    25.773] (**) Option "Device" "/dev/input/event7"
[    25.773] (**) Option "_source" "server/udev"
[    25.774] (II) event7  - ThinkPad Extra Buttons: is tagged by udev as: Keyboard Switch
[    25.774] (II) event7  - ThinkPad Extra Buttons: device is a keyboard
[    25.774] (II) event7  - ThinkPad Extra Buttons: device removed
[    25.774] (**) Option "config_info" "udev:/sys/devices/platform/thinkpad_acpi/input/input17/event7"
[    25.774] (II) XINPUT: Adding extended input device "ThinkPad Extra Buttons" (type: KEYBOARD, id 14)
[    25.774] (**) Option "xkb_layout" "fr,fr,fr"
[    25.774] (**) Option "xkb_variant" ",azerty,oss"
[    25.775] (II) event7  - ThinkPad Extra Buttons: is tagged by udev as: Keyboard Switch
[    25.775] (II) event7  - ThinkPad Extra Buttons: device is a keyboard
[    26.072] (II) modeset(0): EDID vendor "LGD", prod id 1020
[    26.072] (II) modeset(0): Printing DDC gathered Modelines:
[    26.072] (II) modeset(0): Modeline "1600x900"x0.0   98.00  1600 1648 1680 1764  900 902 907 926 -hsync -vsync (55.6 kHz eP)
[ 19035.230] (**) Option "fd" "21"
[ 19035.230] (II) event2  - Power Button: device removed
[ 19035.230] (**) Option "fd" "24"
[ 19035.230] (II) event13 - Video Bus: device removed
[ 19035.230] (**) Option "fd" "25"
[ 19035.230] (II) event1  - Sleep Button: device removed
[ 19035.230] (**) Option "fd" "26"
[ 19035.236] (II) event5  - Logitech M705: device removed
[ 19035.236] (**) Option "fd" "27"
[ 19035.236] (II) event8  - Integrated Camera: Integrated C: device removed
[ 19035.236] (**) Option "fd" "28"
[ 19035.236] (II) event3  - AT Translated Set 2 keyboard: device removed
[ 19035.236] (**) Option "fd" "29"
[ 19035.236] (II) event4  - SynPS/2 Synaptics TouchPad: device removed
[ 19035.236] (**) Option "fd" "30"
[ 19035.236] (II) event6  - TPPS/2 IBM TrackPoint: device removed
[ 19035.236] (**) Option "fd" "31"
[ 19035.236] (II) event7  - ThinkPad Extra Buttons: device removed
[ 19035.243] (II) UnloadModule: "libinput"
[ 19035.243] (II) systemd-logind: releasing fd for 13:71
[ 19035.294] (II) UnloadModule: "libinput"
[ 19035.294] (II) systemd-logind: releasing fd for 13:70
[ 19035.338] (II) UnloadModule: "libinput"
[ 19035.339] (II) systemd-logind: releasing fd for 13:68
[ 19035.378] (II) UnloadModule: "libinput"
[ 19035.378] (II) systemd-logind: releasing fd for 13:67
[ 19035.379] (II) UnloadModule: "libinput"
[ 19035.379] (II) systemd-logind: releasing fd for 13:72
[ 19035.380] (II) UnloadModule: "libinput"
[ 19035.380] (II) systemd-logind: releasing fd for 13:69
[ 19035.380] (II) UnloadModule: "libinput"
[ 19035.380] (II) systemd-logind: releasing fd for 13:65
[ 19035.381] (II) UnloadModule: "libinput"
[ 19035.381] (II) systemd-logind: releasing fd for 13:77
[ 19035.381] (II) UnloadModule: "libinput"
[ 19035.381] (II) systemd-logind: releasing fd for 13:66
[ 19035.510] (WW) xf86CloseConsole: KDSETMODE failed: Input/output error
[ 19035.510] (WW) xf86CloseConsole: VT_GETMODE failed: Input/output error
[ 19035.510] (WW) xf86CloseConsole: VT_ACTIVATE failed: Input/output error
[ 19035.765] (II) Server terminated successfully (0). Closing log file.
